Error: Unknown variable binding n
In method main
In class IOStream

Error: Unknown variable binding someVar
In method main
In class IOStream

Error: If statement has different branch types
In method main
In class IOStream

Program
  Class IOStream
    VariableList
    MethodList
      Void main
        FormalList
        VariableList
        StatementList
          If
            BinExp GT
              (Id n)
              (Int 4)
            StatementList
              Print
                (Str (Hello World!))
            StatementList
              Read someVar

Semantics error detected. Refer to msgs and parse tree.
