Error: Unknown variable binding t2
In method main
In class Main

Error: Unknown variable binding t1
In method main
In class Main

Program
  Class Main
    VariableList
    MethodList
      Void main
        FormalList
          Int i
          Int a
          Int b
          Int d
        VariableList
        StatementList
          While
            (Bool true)
            StatementList
              Assign b
                (Int 340)
              Assign t1
                (Id t2)

Semantics error detected. Refer to msgs and parse tree.
