Error: Accessing non-object
In method main
In class Test4

Error: Unknown class C
In method main
In class Test4

Error: Unknown class B
In method main
In class Test4

Error: Unknown class B
In method main
In class Test4

Error: Class not found B
In method main
In class Test4

Error: Class not found B
In method main
In class Test4

Error: Error in unary expression
In method main
In class Test4

Error: Accessing non-object
In method main
In class Test4

Error: Error in unary expression
In method main
In class Test4

Error: Unknown class B
In method main
In class Test4

Error: Class not found B
In method main
In class Test4

Error: Assigning type Bool to k: Int
In method main
In class Test4

Error: Constructor of unknown class C
In method main
In class Test4

Error: Method call is ill-formed
In method main
In class Test4

Error: Method call is ill-formed
In method main
In class Test4

Error: Unknown variable binding
In method main
In class Test4

Error: Accessing non-object
In method main
In class Test4

Error: Assigning type Int to c: C
In method main
In class Test4

Program
  Class Test4
    VariableList
    MethodList
      Void main
        FormalList
          A a
          Int j
        VariableList
          B b
          C c
          Int k
          Bool z
        StatementList
          Assign k
            Access z
              Access t
                Dispatch
                  Access y
                    Dispatch
                      Access x
                        (Id b)
                      ExpressionList
                  ExpressionList
          Assign k
            BinExp Minus
              BinExp Plus
                BinExp Plus
                  Dispatch
                    Access x
                      (Id c)
                    ExpressionList
                  (Int 333)
                (Id j)
              (Id k)
          Assign k
            BinExp Minus
              BinExp Minus
                Dispatch
                  Access x
                    (Id b)
                  ExpressionList
                BinExp Mult
                  Dispatch
                    Access z
                      (Id b)
                    ExpressionList
                  (Int 5)
              BinExp Div
                (Id j)
                Access y
                  (Id b)
          Assign k
            BinExp Minus
              UExp Neg
                Access y
                  (Id b)
              BinExp Mult
                UExp Neg
                  Access g
                    Dispatch
                      Access z
                        (Id b)
                      ExpressionList
                (Int 3)
          Assign k
            BinExp Not
              BinExp GT
                Dispatch
                  Access x
                    (Id b)
                  ExpressionList
                (Int 5)
              BinExp LE
                Access z
                  (Id b)
                (Int 0)
          Assign c
            New C
          Dispatch
            Access d
              Access c
                This
            ExpressionList
              (Str (asdf))
              BinExp GT
                (Int 3)
                Access z
                  (Id b)
              (Bool true)
              (Id k)
              Access b
                This
          Assign c
            Dispatch
              Access get
                Access x
                  Dispatch
                    Access k
                      (Id y)
                    ExpressionList
              ExpressionList
          Assign c
            BinExp Div
              (((BinExp Plus)))
                ((BinExp Plus))
                  (BinExp Plus)
                    BinExp Plus
                      (Int 3)
                      Access k
                        (Id y)
              Access z
                Access y
                  (Id z)
  Class Ship
    VariableList
      Int fuel
      Int cap
      Int load
      Array ppl
      Int state
    MethodList
      SS create
        FormalList
          Int f
          Int c
          Int l
        VariableList
        StatementList
          Assign fuel
            This
            (Id f)
          Assign cap
            This
            (Id c)
          Assign load
            This
            (Id l)
          Assign s
            (Int 1)
      Void add
        FormalList
          P p
        VariableList
        StatementList
          Dispatch
            Access add
              Access z
                (Id ppl)
            ExpressionList
              (Id p)
      Void refuel
        FormalList
          Int x
        VariableList
        StatementList
          Assign fuel
            BinExp Plus
              (Id fuel)
              (Id x)
      Void launch
        FormalList
          String code
        VariableList
        StatementList
          Read code
          Print
            (Str (Launched))
          Assign s
            (Int 2)

Semantics error detected. Refer to msgs and parse tree.
