===== CData3 ===== 
class MainC
class Functional
    Int a

===== CMtd3 ===== 
Void %MainC_0 [MainC this]
[Functional fo, Int i, Int j, Int _t0, Bool _t1, Functional _t2, Int _t4, Str _t5]
    readln i;
    _t0 = 0;
    _t1 = i > _t0;
    if _t1 goto 0;
    goto 1;
    L0:
    _t2 = new Functional();
    fo = _t2;
    null null;
    _t4 = %Functional_2 [fo, i];
    j = _t4;
    println j;
    L1:
    _t5 = "Error";
    println _t5;
    return;

Int %Functional_2 [Functional this, Int b]
[Int _t6]
    _t6 = 3;
    return _t6;

Bool %Functional_1 [Functional this, Int input]
[Int a, Int b, Int _t7, Int _t8, Int _t9, Int _t10, Bool _t11, Bool _t12]
    _t7 = 5;
    _t8 = input * _t7;
    a = _t8;
    _t9 = 7;
    _t10 = input + _t9;
    b = _t10;
    _t11 = a >= b;
    _t12 = _t11;
    return _t12;

Bool %Functional_0 [Functional this]
[Int _t13, Bool _t14]
    _t13 = 7;
    _t14 = %Functional_1 [this, _t13];
    return _t14;


