===== CData3 ===== 
class FieldAccessMain
class FieldAccess
    Int a

===== CMtd3 ===== 
Void %FieldAccessMain_0 [FieldAccessMain this]
[Int a, Int b, Int temp, FieldAccess f, FieldAccess _t0, Int _t2, Int _t3, Int _t4, Int _t5, Int _t6, Int _t7, Int _t8, Int _t9, Int _t10]
    _t0 = new FieldAccess();
    f = _t0;
    _t2 = 5;
    _t3 = %FieldAccess_0 [f, _t2];
    b = _t3;
    _t4 = 7;
    _t5 = f.a;
    _t5 = _t4;
    _t6 = f.a;
    _t7 = _t6 + b;
    _t8 = _t7;
    _t9 = 2;
    _t10 = _t8 * _t9;
    temp = _t10;
    println temp;

Int %FieldAccess_0 [FieldAccess this, Int x]
[Int _t11, Int _t12, Int _t13]
    _t11 = 6;
    _t12 = _t11 + x;
    _t13 = _t12;
    return _t13;


