===== CData3 ===== 
class P1

===== CMtd3 ===== 
Void %P1_0 [P1 this]
[Int a, Int b, Int c, Int d, Int e, Int f, Int g, Int h, Int i, Int j, Int k, Int l, Int _t0, Int _t1, Bool _t2, Int _t3, Int _t4, Int _t5, Int _t6, Int _t7, Int _t8, Int _t9, Int _t10, Int _t11, Int _t12, Int _t13, Int _t14, Str _t15]
    _t0 = 5;
    a = _t0;
    _t1 = 7;
    _t2 = a < _t1;
    if _t2 goto 0;
    goto 1;
    L0:
    _t3 = c + d;
    b = _t3;
    _t4 = f * g;
    e = _t4;
    _t5 = 6;
    _t6 = i - _t5;
    h = _t6;
    _t7 = 8;
    i = _t7;
    L1:
    _t8 = c + d;
    h = _t8;
    _t9 = 6;
    _t10 = i - _t9;
    e = _t10;
    _t11 = c + d;
    j = _t11;
    _t12 = f * g;
    k = _t12;
    _t13 = 6;
    _t14 = i - _t13;
    l = _t14;
    println a;
    println b;
    println c;
    println d;
    println e;
    println f;
    println g;
    println h;
    println i;
    println j;
    println k;
    println l;
    _t15 = "Goodbye cruel world!";
    println _t15;


