===== CData3 ===== 
class Box
    Int x
    Box b1
    Int z
    Int y
class Main

===== CMtd3 ===== 
Void %Main_0 [Main this]
[Box b, Int sum, Box _t0, Int _t1, Int _t2, Int _t3, Int _t4, Int _t5, Int _t6, Int _t8]
    _t0 = new Box();
    b = _t0;
    _t1 = 10;
    _t2 = b.x;
    _t2 = _t1;
    _t3 = 20;
    _t4 = b.y;
    _t4 = _t3;
    _t5 = 30;
    _t6 = b.z;
    _t6 = _t5;
    _t8 = %Box_0 [b];
    sum = _t8;
    println sum;

Int %Box_0 [Box this]
[Int sum, Int _t9, Int _t10]
    _t9 = x + y;
    _t10 = _t9 + z;
    sum = _t10;
    return sum;


