Unknwon Class Vector or unknown function getPoint
Error: Call to unknown function getPoint
In method main
In class Main

Error: Calling a non-function type
In method main
In class Main

Error: Access LHS does not type check
In method main
In class Main

Error: field assign: LHS of l value does not type check for field x
In method main
In class Main

Error: Return statement does not have appropriate type
In method main
In class Main

Program
  Class Main
    VariableList
    MethodList
      Void main
        FormalList
          Int argc
          String argv
        VariableList
          String currentChar
          Point p1
          Point p2
          Int buffer
          Vector v
        StatementList
          Assign v
            New Vector
          Assign p1
            (Id v)
            New Point
          Assign p2
            New Point
          Assign x
            Access p1
              Dispatch
                Access getPoint
                  (Id v)
                ExpressionList
            (Int 90)
          Assign y
            Access p1
              (Id v)
            (Int 89)
          Assign x
            (Id p2)
            BinExp Minus
              BinExp Plus
                (Int 43)
                BinExp Mult
                  (Int 78)
                  (Int 9)
              (Int 7)
          Read buffer
          Assign y
            (Id p2)
            (Id buffer)
          Print
            BinExp Plus
              BinExp Mult
                Dispatch
                  Access norm
                    (Id v)
                  ExpressionList
                (Int 7)
              BinExp Mult
                (Int 45)
                (Int 9)
          Return
            (Bool false)
  Class Point
    VariableList
      Int x
      Int y
    MethodList
      String toString
        FormalList
        VariableList
        StatementList
          Return
            BinExp Plus
              BinExp Plus
                BinExp Plus
                  BinExp Plus
                    (Str (Point (x = ))
                    Access x
                      This
                  (Str (, y = ))
                Access y
                  This
              (Str ()))
  Class Vector
    VariableList
      Point p1
      Point p2
    MethodList
      Int norm
        FormalList
        VariableList
          Int res
        StatementList
          Assign res
            BinExp Plus
              BinExp Mult
                (BinExp Minus)
                  BinExp Minus
                    Access x
                      (Id p1)
                    Access x
                      (Id p2)
                (BinExp Minus)
                  BinExp Minus
                    Access x
                      (Id p1)
                    Access x
                      (Id p2)
              BinExp Mult
                (BinExp Minus)
                  BinExp Minus
                    Access y
                      (Id p2)
                    Access y
                      (Id p1)
                (BinExp Minus)
                  BinExp Minus
                    Access y
                      (Id p2)
                    Access y
                      (Id p1)
          Assign res
            Dispatch
              Access sqrt
                Dispatch
                  Access should_be_float
                    Access function
                      (Id math)
                  ExpressionList
                    (Str (OK))
                    (Bool true)
                    (Str (Yes))
                    (Int 90)
              ExpressionList
                (Id res)
          Return
            BinExp Minus
              BinExp Plus
                (Id res)
                (Int 67)
              (Int 67)

Semantics error detected. Refer to msgs and parse tree.
