Error: Constructor of unknown class Object
In method main
In class Main

Error: Unknown variable binding variable
In method main
In class Main

Class Main has unknown variable variable2
Error: field assign: RHS of l value does not type check for field variable2
In method main
In class Main

Class Main has unknown variable variable3
Error: field assign: RHS of l value does not type check for field variable3
In method main
In class Main

Class Main has unknown variable variable4
Error: field assign: RHS of l value does not type check for field variable4
In method main
In class Main

Class Main has unknown variable variable5
Error: field assign: RHS of l value does not type check for field variable5
In method main
In class Main

Class Main has unknown variable variable6
Error: field assign: RHS of l value does not type check for field variable6
In method main
In class Main

Class Main has unknown variable variable7
Error: field assign: RHS of l value does not type check for field variable7
In method main
In class Main

Class Main has unknown variable variable8
Error: field assign: RHS of l value does not type check for field variable8
In method main
In class Main

Program
  Class Main
    VariableList
    MethodList
      Void main
        FormalList
        VariableList
        StatementList
          Assign variable
            New Object
          Assign variable2
            This
            New Object
          Assign variable3
            This
            (Str (Hallo))
          Assign variable4
            This
            (Bool true)
          Assign variable5
            This
            BinExp Or
              (Bool true)
              (Bool false)
          Assign variable6
            This
            Null
          Assign variable7
            This
            BinExp Plus
              (Int 1)
              (Int 2)
          Assign variable8
            This
            BinExp Plus
              BinExp Plus
                (Int 1)
                BinExp Mult
                  (Int 2)
                  (Int 3)
              (Int 4)

Semantics error detected. Refer to msgs and parse tree.
