Error: Return statement does not have appropriate type
In method main
In class Main123

Program
  Class Main123
    VariableList
    MethodList
      Void main
        FormalList
        VariableList
        StatementList
          Return
            Null
  Class Vector
    VariableList
      Int x
      Int y
    MethodList
      Void addVector
        FormalList
          Vector that
        VariableList
        StatementList
          Assign x
            This
            BinExp Plus
              Access x
                This
              Access x
                (Id that)
          Assign y
            This
            BinExp Plus
              Access y
                This
              Access y
                (Id that)
      Void scaleVector
        FormalList
          Int x
        VariableList
        StatementList
          Assign x
            This
            BinExp Mult
              Access x
                This
              (Id x)
          Assign y
            This
            BinExp Mult
              Access y
                This
              (Id x)
      Int dotVector
        FormalList
          Vector that
        VariableList
          Int result
        StatementList
          Assign result
            BinExp Plus
              (Id result)
              BinExp Mult
                Access x
                  This
                Access x
                  (Id that)
          Assign result
            BinExp Plus
              (Id result)
              BinExp Mult
                Access y
                  This
                Access y
                  (Id that)
          Return
            (Id result)
      Bool isEqual_v1
        FormalList
          Vector that
        VariableList
        StatementList
          If
            BinExp EQ
              (Id that)
              Null
            StatementList
              Return
                (Bool false)
            StatementList
              Return
                BinExp And
                  BinExp EQ
                    Access x
                      This
                    Access x
                      (Id that)
                  BinExp EQ
                    Access y
                      This
                    Access y
                      (Id that)
      Bool isEqual_v2
        FormalList
          Vector that
        VariableList
        StatementList
          If
            UExp Not
              (Id that)
            StatementList
              Return
                (Bool false)
            StatementList
              Return
                BinExp And
                  BinExp EQ
                    Access x
                      This
                    Access x
                      (Id that)
                  BinExp EQ
                    Access y
                      This
                    Access y
                      (Id that)
      Bool isEqual_v3
        FormalList
          Vector that
        VariableList
        StatementList
          Return
            BinExp And
              BinExp And
                UExp Not
                  (Id that)
                BinExp EQ
                  Access x
                    This
                  Access x
                    (Id that)
              BinExp EQ
                Access y
                  This
                Access y
                  (Id that)

Semantics error detected. Refer to msgs and parse tree.
