Error: If statement has different branch types
In method dummy
In class Dummy

Unknwon Class Compute or unknown function square
Error: Call to unknown function square
In method dummy
In class Dummy

Error: Calling a non-function type
In method dummy
In class Dummy

Error: returning Bool, Int expected
In method dummy
In class Dummy

Program
  Class Main
    VariableList
    MethodList
      Void main
        FormalList
          Int i
          Int a
          Int b
          Int d
        VariableList
          Int t1
          Int t2
          Compute help
        StatementList
          While
            (Bool true)
            StatementList
              Assign t1
                (Id t2)
  Class Dummy
    VariableList
      Compute c
      Int i
      Dummy j
    MethodList
      Int dummy
        FormalList
        VariableList
          Bool i
          Bool j
        StatementList
          If
            BinExp Or
              (Id i)
              (Id j)
            StatementList
              Return
                (Int 1)
            StatementList
              While
                (Id i)
                StatementList
                  Assign i
                    UExp Not
                      (Id j)
              Assign c
                Dispatch
                  Access getCompute
                    This
                  ExpressionList
          Return
            Dispatch
              Access square
                Dispatch
                  Access getCompute
                    This
                  ExpressionList
              ExpressionList
                UExp Neg
                  (Int 3)
          Return
            (Id i)
      Compute getCompute
        FormalList
        VariableList
        StatementList
          Return
            (Id c)

Semantics error detected. Refer to msgs and parse tree.
