Warning: main class should have exactly 1 method
Error: Return statement does not have appropriate type
In method main
In class None

Program
  Class None
    VariableList
    MethodList
      Void main
        FormalList
        VariableList
        StatementList
          Return
            (Int 0)
      Void other
        FormalList
        VariableList
        StatementList
          Return
            (Int 0)
  Class VarOnly
    VariableList
      Int a
    MethodList
  Class MethodOnly
    VariableList
    MethodList
      String toString
        FormalList
        VariableList
        StatementList
          Dispatch
            Access toString
              (Id a)
            ExpressionList

Semantics error detected. Refer to msgs and parse tree.
