instead expected token classes are [LPAREN, DOT, ASSIGN]
instead expected token classes are [RBRACES, TYPEID]
Parse error, or failed distinct name check. See parse tree for detail.
Program
  Error: Syntax error in class defn
  Error: Syntax error in class defn
  Class OK
    VariableList
      Int a
      String b
    MethodList
      Bool do
        FormalList
          Int t1
          Int t2
          Int t3
          Int t4
        VariableList
        StatementList
          Return
            (BinExp And)
              BinExp And
                UExp Not
                  (BinExp And)
                    BinExp And
                      (BinExp Not)
                        BinExp Not
                          (Id t1)
                          (Id t2)
                      (Id t3)
                (Id t4)

